  test.c
D:\Ccode\shangke\test_5_27\test_5_27\test.c(168,14): error C2057: 应输入常量表达式
D:\Ccode\shangke\test_5_27\test_5_27\test.c(168,15): error C2466: 不能分配常量大小为 0 的数组
D:\Ccode\shangke\test_5_27\test_5_27\test.c(168,9): error C2133: “arr1”: 未知的大小
D:\Ccode\shangke\test_5_27\test_5_27\test.c(169,14): error C2057: 应输入常量表达式
D:\Ccode\shangke\test_5_27\test_5_27\test.c(169,15): error C2466: 不能分配常量大小为 0 的数组
D:\Ccode\shangke\test_5_27\test_5_27\test.c(169,9): error C2133: “arr2”: 未知的大小
D:\Ccode\shangke\test_5_27\test_5_27\test.c(182,16): error C2057: 应输入常量表达式
D:\Ccode\shangke\test_5_27\test_5_27\test.c(182,19): error C2466: 不能分配常量大小为 0 的数组
D:\Ccode\shangke\test_5_27\test_5_27\test.c(182,9): error C2133: “arr3”: 未知的大小
